C:\USERS\JULIAN\DOCUMENTS\GITHUB\AGILENT-POWER-SUPPLY-CONTROLLER--WINXP-SP3-COMPATIBLE\PS CONTROLLER\PS CONTROLLER\RELEASE\.NETFRAMEWORK,VERSION=V4.5.ASSEMBLYATTRIBUTES.OBJ
C:\USERS\JULIAN\DOCUMENTS\GITHUB\AGILENT-POWER-SUPPLY-CONTROLLER--WINXP-SP3-COMPATIBLE\PS CONTROLLER\PS CONTROLLER\RELEASE\VC110.PDB
C:\USERS\JULIAN\DOCUMENTS\GITHUB\AGILENT-POWER-SUPPLY-CONTROLLER--WINXP-SP3-COMPATIBLE\PS CONTROLLER\PS CONTROLLER\RELEASE\MYFORM.OBJ
C:\USERS\JULIAN\DOCUMENTS\GITHUB\AGILENT-POWER-SUPPLY-CONTROLLER--WINXP-SP3-COMPATIBLE\PS CONTROLLER\PS CONTROLLER\RELEASE\METAGEN.WRITE.1.TLOG
C:\Users\Julian\Documents\GitHub\Agilent-Power-Supply-Controller--WinXP-SP3-compatible\PS Controller\PS Controller\Release\PSController.MyForm.resources
C:\Users\Julian\Documents\GitHub\Agilent-Power-Supply-Controller--WinXP-SP3-compatible\PS Controller\PS Controller\Release\PS Controller.vcxproj.GenerateResource.Cache
C:\Users\Julian\Documents\GitHub\Agilent-Power-Supply-Controller--WinXP-SP3-compatible\PS Controller\PS Controller\Release\PS Controller.vcxprojResolveAssemblyReference.cache
C:\Users\Julian\Documents\GitHub\Agilent-Power-Supply-Controller--WinXP-SP3-compatible\PS Controller\PS Controller\Release\.NETFramework,Version=v4.5.AssemblyAttributes.obj
C:\Users\Julian\Documents\GitHub\Agilent-Power-Supply-Controller--WinXP-SP3-compatible\PS Controller\PS Controller\Release\MyForm.obj
C:\Users\Julian\Documents\GitHub\Agilent-Power-Supply-Controller--WinXP-SP3-compatible\PS Controller\PS Controller\Release\cl.command.1.tlog
C:\Users\Julian\Documents\GitHub\Agilent-Power-Supply-Controller--WinXP-SP3-compatible\PS Controller\PS Controller\Release\CL.read.1.tlog
C:\Users\Julian\Documents\GitHub\Agilent-Power-Supply-Controller--WinXP-SP3-compatible\PS Controller\PS Controller\Release\CL.write.1.tlog
C:\Users\Julian\Documents\GitHub\Agilent-Power-Supply-Controller--WinXP-SP3-compatible\PS Controller\PS Controller\Release\link-cvtres.read.1.tlog
C:\Users\Julian\Documents\GitHub\Agilent-Power-Supply-Controller--WinXP-SP3-compatible\PS Controller\PS Controller\Release\link-cvtres.write.1.tlog
C:\Users\Julian\Documents\GitHub\Agilent-Power-Supply-Controller--WinXP-SP3-compatible\PS Controller\PS Controller\Release\link-rc.read.1.tlog
C:\Users\Julian\Documents\GitHub\Agilent-Power-Supply-Controller--WinXP-SP3-compatible\PS Controller\PS Controller\Release\link-rc.write.1.tlog
C:\Users\Julian\Documents\GitHub\Agilent-Power-Supply-Controller--WinXP-SP3-compatible\PS Controller\PS Controller\Release\link.command.1.tlog
C:\Users\Julian\Documents\GitHub\Agilent-Power-Supply-Controller--WinXP-SP3-compatible\PS Controller\PS Controller\Release\link.read.1.tlog
C:\Users\Julian\Documents\GitHub\Agilent-Power-Supply-Controller--WinXP-SP3-compatible\PS Controller\PS Controller\Release\link.write.1.tlog
C:\Users\Julian\Documents\GitHub\Agilent-Power-Supply-Controller--WinXP-SP3-compatible\PS Controller\PS Controller\Release\metagen.read.1.tlog
C:\Users\Julian\Documents\GitHub\Agilent-Power-Supply-Controller--WinXP-SP3-compatible\PS Controller\PS Controller\Release\metagen.write.1.tlog
C:\Users\Julian\Documents\GitHub\Agilent-Power-Supply-Controller--WinXP-SP3-compatible\PS Controller\PS Controller\Release\PS Controller.write.1.tlog
C:\Users\Julian\Documents\GitHub\Agilent-Power-Supply-Controller--WinXP-SP3-compatible\PS Controller\PS Controller\Release\vc110.pdb
C:\Users\Julian\Documents\GitHub\Agilent-Power-Supply-Controller--WinXP-SP3-compatible\PS Controller\PS Controller\Release\MICROSOFT.VISUALBASIC.POWERPACKS.VS.DLL.metagen
C:\Users\Julian\Documents\GitHub\Agilent-Power-Supply-Controller--WinXP-SP3-compatible\PS Controller\PS Controller\Release\TZRES.DLL.bi
C:\Users\Julian\Documents\GitHub\Agilent-Power-Supply-Controller--WinXP-SP3-compatible\PS Controller\Release\PS Controller.pdb
