Build started 7/12/2016 9:56:29 PM.
     1>Project "C:\Users\Julian\Documents\GitHub\Agilent-Power-Supply-Controller--WinXP-SP3-compatible\PS Controller\PS Controller\PS Controller.vcxproj" on node 2 (Build target(s)).
     1>ClCompile:
         C:\Program Files (x86)\Microsoft Visual Studio 11.0\VC\bin\CL.exe /c /AI"C:\Program Files (x86)\Reference Assemblies\Microsoft\Framework\.NETFramework\v4.0" /AI"C:\Program Files (x86)\Windows Kits\8.0\References\CommonConfiguration\Neutral" /Zi /clr /nologo /W3 /WX- /O2 /Oy- /D WIN32 /D NDEBUG /D _USING_V110_SDK71_ /D _UNICODE /D UNICODE /EHa /MD /GS /fp:precise /Zc:wchar_t /Zc:forScope /Fo"Release\\" /Fd"Release\vc110.pdb" /TP /FU"C:\Program Files (x86)\Reference Assemblies\Microsoft\Framework\.NETFramework\v4.0\Microsoft.VisualBasic.dll" /FU"C:\Program Files (x86)\Reference Assemblies\Microsoft\VBPowerPacks\v10.0\Microsoft.VisualBasic.PowerPacks.Vs.dll" /FU"C:\Program Files (x86)\Reference Assemblies\Microsoft\Framework\.NETFramework\v4.0\mscorlib.dll" /FU"C:\Program Files (x86)\Reference Assemblies\Microsoft\Framework\.NETFramework\v4.0\System.Data.dll" /FU"C:\Program Files (x86)\Reference Assemblies\Microsoft\Framework\.NETFramework\v4.0\System.dll" /FU"C:\Program Files (x86)\Reference Assemblies\Microsoft\Framework\.NETFramework\v4.0\System.Drawing.dll" /FU"C:\Program Files (x86)\Reference Assemblies\Microsoft\Framework\.NETFramework\v4.0\System.Windows.Forms.dll" /FU"C:\Program Files (x86)\Reference Assemblies\Microsoft\Framework\.NETFramework\v4.0\System.Xml.dll" /analyze- /errorReport:prompt /clr:nostdlib MyForm.cpp
         MyForm.cpp
     1>c:\users\julian\documents\github\agilent-power-supply-controller--winxp-sp3-compatible\ps controller\ps controller\MyForm.h(85): warning C4996: 'strcpy': This function or variable may be unsafe. Consider using strcpy_s instead. To disable deprecation, use _CRT_SECURE_NO_WARNINGS. See online help for details.
                 C:\Program Files (x86)\Microsoft Visual Studio 11.0\VC\include\string.h(110) : see declaration of 'strcpy'
     1>c:\users\julian\documents\github\agilent-power-supply-controller--winxp-sp3-compatible\ps controller\ps controller\MyForm.h(87): warning C4996: 'strcpy': This function or variable may be unsafe. Consider using strcpy_s instead. To disable deprecation, use _CRT_SECURE_NO_WARNINGS. See online help for details.
                 C:\Program Files (x86)\Microsoft Visual Studio 11.0\VC\include\string.h(110) : see declaration of 'strcpy'
     1>c:\users\julian\documents\github\agilent-power-supply-controller--winxp-sp3-compatible\ps controller\ps controller\MyForm.h(89): warning C4996: 'strcpy': This function or variable may be unsafe. Consider using strcpy_s instead. To disable deprecation, use _CRT_SECURE_NO_WARNINGS. See online help for details.
                 C:\Program Files (x86)\Microsoft Visual Studio 11.0\VC\include\string.h(110) : see declaration of 'strcpy'
     1>c:\users\julian\documents\github\agilent-power-supply-controller--winxp-sp3-compatible\ps controller\ps controller\MyForm.h(90): warning C4996: 'strcat': This function or variable may be unsafe. Consider using strcat_s instead. To disable deprecation, use _CRT_SECURE_NO_WARNINGS. See online help for details.
                 C:\Program Files (x86)\Microsoft Visual Studio 11.0\VC\include\string.h(115) : see declaration of 'strcat'
     1>c:\users\julian\documents\github\agilent-power-supply-controller--winxp-sp3-compatible\ps controller\ps controller\MyForm.h(91): warning C4996: 'strcat': This function or variable may be unsafe. Consider using strcat_s instead. To disable deprecation, use _CRT_SECURE_NO_WARNINGS. See online help for details.
                 C:\Program Files (x86)\Microsoft Visual Studio 11.0\VC\include\string.h(115) : see declaration of 'strcat'
     1>c:\users\julian\documents\github\agilent-power-supply-controller--winxp-sp3-compatible\ps controller\ps controller\MyForm.h(94): warning C4996: 'strcpy': This function or variable may be unsafe. Consider using strcpy_s instead. To disable deprecation, use _CRT_SECURE_NO_WARNINGS. See online help for details.
                 C:\Program Files (x86)\Microsoft Visual Studio 11.0\VC\include\string.h(110) : see declaration of 'strcpy'
     1>c:\users\julian\documents\github\agilent-power-supply-controller--winxp-sp3-compatible\ps controller\ps controller\MyForm.h(95): warning C4996: 'strcat': This function or variable may be unsafe. Consider using strcat_s instead. To disable deprecation, use _CRT_SECURE_NO_WARNINGS. See online help for details.
                 C:\Program Files (x86)\Microsoft Visual Studio 11.0\VC\include\string.h(115) : see declaration of 'strcat'
     1>c:\users\julian\documents\github\agilent-power-supply-controller--winxp-sp3-compatible\ps controller\ps controller\MyForm.h(96): warning C4996: 'strcat': This function or variable may be unsafe. Consider using strcat_s instead. To disable deprecation, use _CRT_SECURE_NO_WARNINGS. See online help for details.
                 C:\Program Files (x86)\Microsoft Visual Studio 11.0\VC\include\string.h(115) : see declaration of 'strcat'
     1>c:\users\julian\documents\github\agilent-power-supply-controller--winxp-sp3-compatible\ps controller\ps controller\MyForm.h(147): warning C4996: 'strcpy': This function or variable may be unsafe. Consider using strcpy_s instead. To disable deprecation, use _CRT_SECURE_NO_WARNINGS. See online help for details.
                 C:\Program Files (x86)\Microsoft Visual Studio 11.0\VC\include\string.h(110) : see declaration of 'strcpy'
     1>c:\users\julian\documents\github\agilent-power-supply-controller--winxp-sp3-compatible\ps controller\ps controller\MyForm.h(148): warning C4996: 'strcat': This function or variable may be unsafe. Consider using strcat_s instead. To disable deprecation, use _CRT_SECURE_NO_WARNINGS. See online help for details.
                 C:\Program Files (x86)\Microsoft Visual Studio 11.0\VC\include\string.h(115) : see declaration of 'strcat'
     1>c:\users\julian\documents\github\agilent-power-supply-controller--winxp-sp3-compatible\ps controller\ps controller\MyForm.h(158): warning C4996: 'strcpy': This function or variable may be unsafe. Consider using strcpy_s instead. To disable deprecation, use _CRT_SECURE_NO_WARNINGS. See online help for details.
                 C:\Program Files (x86)\Microsoft Visual Studio 11.0\VC\include\string.h(110) : see declaration of 'strcpy'
     1>c:\users\julian\documents\github\agilent-power-supply-controller--winxp-sp3-compatible\ps controller\ps controller\MyForm.h(818): warning C4244: 'initializing' : conversion from 'double' to 'int', possible loss of data
     1>c:\users\julian\documents\github\agilent-power-supply-controller--winxp-sp3-compatible\ps controller\ps controller\MyForm.h(884): warning C4244: 'argument' : conversion from 'double' to 'clock_t', possible loss of data
     1>c:\users\julian\documents\github\agilent-power-supply-controller--winxp-sp3-compatible\ps controller\ps controller\MyForm.h(903): warning C4244: 'argument' : conversion from 'double' to 'clock_t', possible loss of data
         C:\Program Files (x86)\Microsoft Visual Studio 11.0\VC\bin\CL.exe /c /Zi /clr /nologo /W3 /WX- /O2 /Oy- /D WIN32 /D NDEBUG /D _USING_V110_SDK71_ /D _UNICODE /D UNICODE /EHa /MD /GS /fp:precise /Zc:wchar_t /Zc:forScope /Fo"Release\\" /Fd"Release\vc110.pdb" /TP /analyze- /errorReport:prompt "C:\Users\Julian\AppData\Local\Temp\.NETFramework,Version=v4.0.AssemblyAttributes.cpp"
         .NETFramework,Version=v4.0.AssemblyAttributes.cpp
       Link:
         C:\Program Files (x86)\Microsoft Visual Studio 11.0\VC\bin\link.exe /ERRORREPORT:PROMPT /OUT:"C:\Users\Julian\Documents\GitHub\Agilent-Power-Supply-Controller--WinXP-SP3-compatible\PS Controller\Release\PS Controller.exe" /INCREMENTAL:NO /NOLOGO /ASSEMBLYRESOURCE:Release\PSController.MyForm.resources /MANIFEST /MANIFESTUAC:"level='asInvoker' uiAccess='false'" /manifest:embed /DEBUG /PDB:"C:\Users\Julian\Documents\GitHub\Agilent-Power-Supply-Controller--WinXP-SP3-compatible\PS Controller\Release\PS Controller.pdb" /SUBSYSTEM:CONSOLE,"5.01" /TLBID:1 /ENTRY:"Main" /DYNAMICBASE /FIXED:NO /NXCOMPAT /MACHINE:X86 /SAFESEH Release\MyForm.obj
         "Release\.NETFramework,Version=v4.0.AssemblyAttributes.obj"
         visa32.lib
         PS Controller.vcxproj -> C:\Users\Julian\Documents\GitHub\Agilent-Power-Supply-Controller--WinXP-SP3-compatible\PS Controller\Release\PS Controller.exe
     1>Done Building Project "C:\Users\Julian\Documents\GitHub\Agilent-Power-Supply-Controller--WinXP-SP3-compatible\PS Controller\PS Controller\PS Controller.vcxproj" (Build target(s)).

Build succeeded.

Time Elapsed 00:00:02.40
